{"/Users/digitalents/www/peacemachine-presentation-backend/src/app.ts": {"path":"/Users/digitalents/www/peacemachine-presentation-backend/src/app.ts","statementMap":{"0":{"start":{"line":1,"column":0},"end":{"line":1,"column":26}},"1":{"start":{"line":3,"column":0},"end":{"line":3,"column":28}},"2":{"start":{"line":4,"column":0},"end":{"line":4,"column":22}},"3":{"start":{"line":6,"column":0},"end":{"line":6,"column":26}},"4":{"start":{"line":7,"column":0},"end":{"line":7,"column":39}},"5":{"start":{"line":8,"column":0},"end":{"line":8,"column":35}},"6":{"start":{"line":9,"column":0},"end":{"line":9,"column":22}},"7":{"start":{"line":11,"column":0},"end":{"line":11,"column":31}},"8":{"start":{"line":16,"column":0},"end":{"line":16,"column":41}},"9":{"start":{"line":17,"column":0},"end":{"line":17,"column":41}},"10":{"start":{"line":22,"column":12},"end":{"line":22,"column":21}},"11":{"start":{"line":24,"column":0},"end":{"line":24,"column":41}},"12":{"start":{"line":25,"column":0},"end":{"line":25,"column":22}},"13":{"start":{"line":26,"column":0},"end":{"line":26,"column":23}},"14":{"start":{"line":27,"column":0},"end":{"line":27,"column":26}},"15":{"start":{"line":28,"column":0},"end":{"line":28,"column":50}},"16":{"start":{"line":29,"column":0},"end":{"line":29,"column":70}},"17":{"start":{"line":34,"column":0},"end":{"line":34,"column":24}},"18":{"start":{"line":36,"column":0},"end":{"line":36,"column":29}},"19":{"start":{"line":37,"column":0},"end":{"line":37,"column":67}},"20":{"start":{"line":83,"column":0},"end":{"line":83,"column":18}}},"fnMap":{},"branchMap":{"0":{"loc":{"start":{"line":24,"column":16},"end":{"line":24,"column":32}},"type":"binary-expr","locations":[{"start":{"line":24,"column":16},"end":{"line":24,"column":32}},{"start":{"line":24,"column":36},"end":{"line":24,"column":40}}]}},"s":{"0":2,"1":2,"2":2,"3":2,"4":2,"5":2,"6":2,"7":2,"8":2,"9":2,"10":2,"11":2,"12":2,"13":2,"14":2,"15":2,"16":2,"17":2,"18":2,"19":2,"20":2},"f":{},"b":{"0":[2,0]}}
,"/Users/digitalents/www/peacemachine-presentation-backend/src/controllers/auth.ts": {"path":"/Users/digitalents/www/peacemachine-presentation-backend/src/controllers/auth.ts","statementMap":{"0":{"start":{"line":3,"column":0},"end":{"line":3,"column":47}},"1":{"start":{"line":5,"column":18},"end":{"line":9,"column":2}},"2":{"start":{"line":11,"column":21},"end":{"line":19,"column":1}},"3":{"start":{"line":12,"column":2},"end":{"line":18,"column":4}},"4":{"start":{"line":13,"column":4},"end":{"line":17,"column":6}},"5":{"start":{"line":14,"column":6},"end":{"line":14,"column":36}},"6":{"start":{"line":14,"column":18},"end":{"line":14,"column":36}},"7":{"start":{"line":16,"column":6},"end":{"line":16,"column":27}},"8":{"start":{"line":21,"column":13},"end":{"line":32,"column":1}},"9":{"start":{"line":25,"column":4},"end":{"line":32,"column":1}},"10":{"start":{"line":26,"column":2},"end":{"line":31,"column":3}},"11":{"start":{"line":27,"column":18},"end":{"line":27,"column":38}},"12":{"start":{"line":28,"column":4},"end":{"line":28,"column":23}},"13":{"start":{"line":30,"column":4},"end":{"line":30,"column":23}}},"fnMap":{"0":{"name":"(anonymous_7)","decl":{"start":{"line":11,"column":21},"end":{"line":11,"column":23}},"loc":{"start":{"line":11,"column":26},"end":{"line":19,"column":1}}},"1":{"name":"(anonymous_8)","decl":{"start":{"line":12,"column":21},"end":{"line":12,"column":22}},"loc":{"start":{"line":12,"column":41},"end":{"line":18,"column":3}}},"2":{"name":"(anonymous_9)","decl":{"start":{"line":13,"column":18},"end":{"line":13,"column":19}},"loc":{"start":{"line":13,"column":46},"end":{"line":17,"column":5}}},"3":{"name":"(anonymous_10)","decl":{"start":{"line":21,"column":24},"end":{"line":22,"column":2}},"loc":{"start":{"line":25,"column":4},"end":{"line":32,"column":1}}},"4":{"name":"(anonymous_11)","decl":{"start":{"line":25,"column":4},"end":{"line":null,"column":-1}},"loc":{"start":{"line":25,"column":4},"end":{"line":32,"column":1}}}},"branchMap":{"0":{"loc":{"start":{"line":14,"column":6},"end":{"line":14,"column":36}},"type":"if","locations":[{"start":{"line":14,"column":6},"end":{"line":14,"column":36}},{"start":{"line":14,"column":6},"end":{"line":14,"column":36}}]}},"s":{"0":2,"1":2,"2":2,"3":0,"4":0,"5":0,"6":0,"7":0,"8":2,"9":0,"10":0,"11":0,"12":0,"13":0},"f":{"0":0,"1":0,"2":0,"3":0,"4":0},"b":{"0":[0,0]}}
,"/Users/digitalents/www/peacemachine-presentation-backend/src/controllers/home.ts": {"path":"/Users/digitalents/www/peacemachine-presentation-backend/src/controllers/home.ts","statementMap":{"0":{"start":{"line":3,"column":13},"end":{"line":5,"column":1}},"1":{"start":{"line":4,"column":2},"end":{"line":4,"column":29}}},"fnMap":{"0":{"name":"(anonymous_0)","decl":{"start":{"line":3,"column":21},"end":{"line":3,"column":22}},"loc":{"start":{"line":3,"column":73},"end":{"line":5,"column":1}}}},"branchMap":{},"s":{"0":2,"1":0},"f":{"0":0},"b":{}}
}
