TN:
SF:/Users/digitalents/www/peacemachine-presentation-backend/src/app.ts
FNF:0
FNH:0
DA:1,2
DA:3,2
DA:4,2
DA:6,2
DA:7,2
DA:8,2
DA:9,2
DA:11,2
DA:16,2
DA:17,2
DA:22,2
DA:24,2
DA:25,2
DA:26,2
DA:27,2
DA:28,2
DA:29,2
DA:34,2
DA:36,2
DA:37,2
DA:83,2
LF:21
LH:21
BRDA:24,0,0,2
BRDA:24,0,1,0
BRF:2
BRH:1
end_of_record
TN:
SF:/Users/digitalents/www/peacemachine-presentation-backend/src/controllers/auth.ts
FN:11,(anonymous_7)
FN:12,(anonymous_8)
FN:13,(anonymous_9)
FN:21,(anonymous_10)
FN:25,(anonymous_11)
FNF:5
FNH:0
FNDA:0,(anonymous_7)
FNDA:0,(anonymous_8)
FNDA:0,(anonymous_9)
FNDA:0,(anonymous_10)
FNDA:0,(anonymous_11)
DA:3,2
DA:5,2
DA:11,2
DA:12,0
DA:13,0
DA:14,0
DA:16,0
DA:21,2
DA:25,0
DA:26,0
DA:27,0
DA:28,0
DA:30,0
LF:13
LH:4
BRDA:14,0,0,0
BRDA:14,0,1,0
BRF:2
BRH:0
end_of_record
TN:
SF:/Users/digitalents/www/peacemachine-presentation-backend/src/controllers/home.ts
FN:3,(anonymous_0)
FNF:1
FNH:0
FNDA:0,(anonymous_0)
DA:3,2
DA:4,0
LF:2
LH:1
BRF:0
BRH:0
end_of_record
